### 06.10.2020 10:49:50
Array
(
    [name] => admin
)



### 06.10.2020 10:49:53
Array
(
    [gallery] => Array
        (
        )

)



### 06.10.2020 10:49:55
Array
(
    [catalog] => Array
        (
            [0] => Array
                (
                    [name] => Пицца
                    [price] => 24
                )

            [1] => Array
                (
                    [name] => Чай
                    [price] => 1
                )

            [2] => Array
                (
                    [name] => Яблоко
                    [price] => 12
                )

        )

)



### 06.10.2020 10:49:56
Array
(
    [name] => admin
)



### 06.10.2020 10:49:58
Array
(
    [gallery] => Array
        (
        )

)



### 06.10.2020 10:49:59
Array
(
    [catalog] => Array
        (
            [0] => Array
                (
                    [name] => Пицца
                    [price] => 24
                )

            [1] => Array
                (
                    [name] => Чай
                    [price] => 1
                )

            [2] => Array
                (
                    [name] => Яблоко
                    [price] => 12
                )

        )

)



### 06.10.2020 10:50:01
Array
(
    [name] => admin
)



### 06.10.2020 10:50:01
Array
(
    [catalog] => Array
        (
            [0] => Array
                (
                    [name] => Пицца
                    [price] => 24
                )

            [1] => Array
                (
                    [name] => Чай
                    [price] => 1
                )

            [2] => Array
                (
                    [name] => Яблоко
                    [price] => 12
                )

        )

)



### 06.10.2020 10:50:02
Array
(
    [gallery] => Array
        (
        )

)



### 06.10.2020 10:50:03
Array
(
    [name] => admin
)



### 06.10.2020 10:50:04
Array
(
    [catalog] => Array
        (
            [0] => Array
                (
                    [name] => Пицца
                    [price] => 24
                )

            [1] => Array
                (
                    [name] => Чай
                    [price] => 1
                )

            [2] => Array
                (
                    [name] => Яблоко
                    [price] => 12
                )

        )

)



### 06.10.2020 10:50:05
Array
(
    [gallery] => Array
        (
        )

)



### 06.10.2020 10:50:08
Array
(
    [name] => admin
)



### 06.10.2020 10:50:09
Array
(
    [catalog] => Array
        (
            [0] => Array
                (
                    [name] => Пицца
                    [price] => 24
                )

            [1] => Array
                (
                    [name] => Чай
                    [price] => 1
                )

            [2] => Array
                (
                    [name] => Яблоко
                    [price] => 12
                )

        )

)



### 06.10.2020 10:50:09
Array
(
    [gallery] => Array
        (
        )

)



### 06.10.2020 10:50:11
Array
(
    [name] => admin
)



### 06.10.2020 10:52:58
Array
(
    [gallery] => Array
        (
        )

)



### 06.10.2020 11:06:02
Array
(
    [gallery] => Array
        (
        )

)



### 06.10.2020 11:08:52
Array
(
    [gallery] => Array
        (
        )

)



### 06.10.2020 11:12:54
Array
(
    [gallery] => Array
        (
            [0] => .
            [1] => ..
            [2] => 009.jpg
            [3] => 01.jpg
            [4] => 02.jpg
            [5] => 03.jpg
            [6] => 04.jpg
            [7] => 05.jpg
            [8] => 06.jpg
            [9] => 07.jpg
            [10] => 08.jpg
            [11] => 09.jpg
            [12] => 10.jpg
            [13] => 11.jpg
            [14] => 12.jpg
            [15] => 13.jpg
            [16] => 14.jpg
            [17] => 15.jpg
            [18] => demo.jpg
        )

)



### 06.10.2020 11:12:54
Array
(
    [gallery] => Array
        (
            [0] => .
            [1] => ..
            [2] => 009.jpg
            [3] => 01.jpg
            [4] => 02.jpg
            [5] => 03.jpg
            [6] => 04.jpg
            [7] => 05.jpg
            [8] => 06.jpg
            [9] => 07.jpg
            [10] => 08.jpg
            [11] => 09.jpg
            [12] => 10.jpg
            [13] => 11.jpg
            [14] => 12.jpg
            [15] => 13.jpg
            [16] => 14.jpg
            [17] => 15.jpg
            [18] => demo.jpg
        )

)



### 06.10.2020 11:12:55
Array
(
    [gallery] => Array
        (
            [0] => .
            [1] => ..
            [2] => 009.jpg
            [3] => 01.jpg
            [4] => 02.jpg
            [5] => 03.jpg
            [6] => 04.jpg
            [7] => 05.jpg
            [8] => 06.jpg
            [9] => 07.jpg
            [10] => 08.jpg
            [11] => 09.jpg
            [12] => 10.jpg
            [13] => 11.jpg
            [14] => 12.jpg
            [15] => 13.jpg
            [16] => 14.jpg
            [17] => 15.jpg
            [18] => demo.jpg
        )

)



### 06.10.2020 11:12:55
Array
(
    [gallery] => Array
        (
            [0] => .
            [1] => ..
            [2] => 009.jpg
            [3] => 01.jpg
            [4] => 02.jpg
            [5] => 03.jpg
            [6] => 04.jpg
            [7] => 05.jpg
            [8] => 06.jpg
            [9] => 07.jpg
            [10] => 08.jpg
            [11] => 09.jpg
            [12] => 10.jpg
            [13] => 11.jpg
            [14] => 12.jpg
            [15] => 13.jpg
            [16] => 14.jpg
            [17] => 15.jpg
            [18] => demo.jpg
        )

)



### 06.10.2020 11:12:55
Array
(
    [gallery] => Array
        (
            [0] => .
            [1] => ..
            [2] => 009.jpg
            [3] => 01.jpg
            [4] => 02.jpg
            [5] => 03.jpg
            [6] => 04.jpg
            [7] => 05.jpg
            [8] => 06.jpg
            [9] => 07.jpg
            [10] => 08.jpg
            [11] => 09.jpg
            [12] => 10.jpg
            [13] => 11.jpg
            [14] => 12.jpg
            [15] => 13.jpg
            [16] => 14.jpg
            [17] => 15.jpg
            [18] => demo.jpg
        )

)



### 06.10.2020 11:12:55
Array
(
    [gallery] => Array
        (
            [0] => .
            [1] => ..
            [2] => 009.jpg
            [3] => 01.jpg
            [4] => 02.jpg
            [5] => 03.jpg
            [6] => 04.jpg
            [7] => 05.jpg
            [8] => 06.jpg
            [9] => 07.jpg
            [10] => 08.jpg
            [11] => 09.jpg
            [12] => 10.jpg
            [13] => 11.jpg
            [14] => 12.jpg
            [15] => 13.jpg
            [16] => 14.jpg
            [17] => 15.jpg
            [18] => demo.jpg
        )

)



### 06.10.2020 11:12:55
Array
(
    [gallery] => Array
        (
            [0] => .
            [1] => ..
            [2] => 009.jpg
            [3] => 01.jpg
            [4] => 02.jpg
            [5] => 03.jpg
            [6] => 04.jpg
            [7] => 05.jpg
            [8] => 06.jpg
            [9] => 07.jpg
            [10] => 08.jpg
            [11] => 09.jpg
            [12] => 10.jpg
            [13] => 11.jpg
            [14] => 12.jpg
            [15] => 13.jpg
            [16] => 14.jpg
            [17] => 15.jpg
            [18] => demo.jpg
        )

)



### 06.10.2020 11:14:16
Array
(
    [gallery] => 
)



### 06.10.2020 11:16:27
Array
(
    [gallery] => 
)



### 06.10.2020 11:17:06
Array
(
    [gallery] => Array
        (
            [0] => .
            [1] => ..
            [2] => 009.jpg
            [3] => 01.jpg
            [4] => 02.jpg
            [5] => 03.jpg
            [6] => 04.jpg
            [7] => 05.jpg
            [8] => 06.jpg
            [9] => 07.jpg
            [10] => 08.jpg
            [11] => 09.jpg
            [12] => 10.jpg
            [13] => 11.jpg
            [14] => 12.jpg
            [15] => 13.jpg
            [16] => 14.jpg
            [17] => 15.jpg
            [18] => demo.jpg
        )

)



### 06.10.2020 11:20:35
Array
(
    [gallery] => Array
        (
            [0] => 009.jpg
            [1] => 01.jpg
            [2] => 02.jpg
            [3] => 03.jpg
            [4] => 04.jpg
            [5] => 05.jpg
            [6] => 06.jpg
            [7] => 07.jpg
            [8] => 08.jpg
            [9] => 09.jpg
            [10] => 10.jpg
            [11] => 11.jpg
            [12] => 12.jpg
            [13] => 13.jpg
            [14] => 14.jpg
            [15] => 15.jpg
            [16] => demo.jpg
        )

)



### 06.10.2020 11:25:00
Array
(
    [gallery] => Array
        (
            [0] => 009.jpg
            [1] => 01.jpg
            [2] => 02.jpg
            [3] => 03.jpg
            [4] => 04.jpg
            [5] => 05.jpg
            [6] => 06.jpg
            [7] => 07.jpg
            [8] => 08.jpg
            [9] => 09.jpg
            [10] => 10.jpg
            [11] => 11.jpg
            [12] => 12.jpg
            [13] => 13.jpg
            [14] => 14.jpg
            [15] => 15.jpg
            [16] => demo.jpg
        )

)



### 06.10.2020 11:27:16
Array
(
    [gallery] => 
)



### 06.10.2020 11:29:22
Array
(
    [gallery] => 
)



### 06.10.2020 11:29:23
Array
(
    [gallery] => 
)



### 06.10.2020 11:29:23
Array
(
    [gallery] => 
)



### 06.10.2020 11:29:23
Array
(
    [gallery] => 
)



### 06.10.2020 11:29:23
Array
(
    [gallery] => 
)



### 06.10.2020 11:29:24
Array
(
    [gallery] => 
)



### 06.10.2020 11:29:24
Array
(
    [gallery] => 
)



### 06.10.2020 11:29:24
Array
(
    [gallery] => 
)



### 06.10.2020 11:29:24
Array
(
    [gallery] => 
)



### 06.10.2020 11:29:24
Array
(
    [gallery] => 
)



### 06.10.2020 11:29:25
Array
(
    [gallery] => 
)



### 06.10.2020 11:29:25
Array
(
    [gallery] => 
)



### 06.10.2020 11:29:25
Array
(
    [gallery] => 
)



### 06.10.2020 11:29:26
Array
(
    [gallery] => 
)



### 06.10.2020 11:29:46
Array
(
    [gallery] => 
)



### 06.10.2020 11:29:47
Array
(
    [catalog] => Array
        (
            [0] => Array
                (
                    [name] => Пицца
                    [price] => 24
                )

            [1] => Array
                (
                    [name] => Чай
                    [price] => 1
                )

            [2] => Array
                (
                    [name] => Яблоко
                    [price] => 12
                )

        )

)



### 06.10.2020 11:29:48
Array
(
    [gallery] => 
)



### 06.10.2020 11:29:49
Array
(
    [name] => admin
)



### 06.10.2020 11:29:50
Array
(
    [gallery] => 
)



### 06.10.2020 11:29:52
Array
(
    [gallery] => 
)



### 06.10.2020 11:29:52
Array
(
    [gallery] => 
)



### 06.10.2020 11:29:53
Array
(
    [gallery] => 
)



### 06.10.2020 11:29:53
Array
(
    [gallery] => 
)



### 06.10.2020 11:29:53
Array
(
    [gallery] => 
)



### 06.10.2020 11:29:53
Array
(
    [gallery] => 
)



### 06.10.2020 11:30:45
Array
(
    [gallery] => 
)



### 06.10.2020 11:30:46
Array
(
    [gallery] => 
)



### 06.10.2020 11:30:47
Array
(
    [gallery] => 
)



### 06.10.2020 11:30:47
Array
(
    [gallery] => 
)



### 06.10.2020 11:30:47
Array
(
    [gallery] => 
)



### 06.10.2020 11:30:47
Array
(
    [gallery] => 
)



### 06.10.2020 11:30:48
Array
(
    [gallery] => 
)



### 06.10.2020 11:30:48
Array
(
    [gallery] => 
)



### 06.10.2020 11:30:48
Array
(
    [gallery] => 
)



### 06.10.2020 11:30:48
Array
(
    [gallery] => 
)



### 06.10.2020 11:30:49
Array
(
    [gallery] => 
)



### 06.10.2020 11:30:49
Array
(
    [gallery] => 
)



### 06.10.2020 11:30:49
Array
(
    [gallery] => 
)



### 06.10.2020 11:30:50
Array
(
    [gallery] => 
)



### 06.10.2020 11:30:50
Array
(
    [gallery] => 
)



### 06.10.2020 11:30:51
Array
(
    [gallery] => 
)



### 06.10.2020 11:30:51
Array
(
    [gallery] => 
)



### 06.10.2020 11:30:52
Array
(
    [gallery] => 
)



### 06.10.2020 11:31:14
Array
(
    [gallery] => Array
        (
            [0] => 009.jpg
            [1] => 01.jpg
            [2] => 02.jpg
            [3] => 03.jpg
            [4] => 04.jpg
            [5] => 05.jpg
            [6] => 06.jpg
            [7] => 07.jpg
            [8] => 08.jpg
            [9] => 09.jpg
            [10] => 10.jpg
            [11] => 11.jpg
            [12] => 12.jpg
            [13] => 13.jpg
            [14] => 14.jpg
            [15] => 15.jpg
            [16] => demo.jpg
        )

)



### 06.10.2020 11:31:33
Array
(
    [gallery] => Array
        (
            [0] => 009.jpg
            [1] => 01.jpg
            [2] => 02.jpg
            [3] => 03.jpg
            [4] => 04.jpg
            [5] => 05.jpg
            [6] => 06.jpg
            [7] => 07.jpg
            [8] => 08.jpg
            [9] => 09.jpg
            [10] => 10.jpg
            [11] => 11.jpg
            [12] => 12.jpg
            [13] => 13.jpg
            [14] => 14.jpg
            [15] => 15.jpg
            [16] => demo.jpg
        )

)



### 06.10.2020 11:32:20
Array
(
    [gallery] => Array
        (
            [0] => 009.jpg
            [1] => 01.jpg
            [2] => 02.jpg
            [3] => 03.jpg
            [4] => 04.jpg
            [5] => 05.jpg
            [6] => 06.jpg
            [7] => 07.jpg
            [8] => 08.jpg
            [9] => 09.jpg
            [10] => 10.jpg
            [11] => 11.jpg
            [12] => 12.jpg
            [13] => 13.jpg
            [14] => 14.jpg
            [15] => 15.jpg
            [16] => demo.jpg
        )

)



### 06.10.2020 11:33:01
Array
(
    [gallery] => Array
        (
            [0] => 009.jpg
            [1] => 01.jpg
            [2] => 02.jpg
            [3] => 03.jpg
            [4] => 04.jpg
            [5] => 05.jpg
            [6] => 06.jpg
            [7] => 07.jpg
            [8] => 08.jpg
            [9] => 09.jpg
            [10] => 10.jpg
            [11] => 11.jpg
            [12] => 12.jpg
            [13] => 13.jpg
            [14] => 14.jpg
            [15] => 15.jpg
            [16] => demo.jpg
        )

)



### 06.10.2020 11:33:54
Array
(
    [gallery] => 
)



### 06.10.2020 11:35:41
Array
(
    [gallery] => 
)



### 06.10.2020 11:35:42
Array
(
    [gallery] => 
)



### 06.10.2020 11:35:42
Array
(
    [gallery] => 
)



### 06.10.2020 11:35:42
Array
(
    [gallery] => 
)



### 06.10.2020 11:35:42
Array
(
    [gallery] => 
)



### 06.10.2020 11:35:42
Array
(
    [gallery] => 
)



### 06.10.2020 11:35:42
Array
(
    [gallery] => 
)



### 06.10.2020 11:35:43
Array
(
    [gallery] => 
)



### 06.10.2020 11:35:43
Array
(
    [gallery] => 
)



### 06.10.2020 11:35:43
Array
(
    [gallery] => 
)



### 06.10.2020 11:35:43
Array
(
    [gallery] => 
)



### 06.10.2020 11:35:43
Array
(
    [gallery] => 
)



### 06.10.2020 11:35:43
Array
(
    [gallery] => 
)



### 06.10.2020 11:35:44
Array
(
    [gallery] => 
)



### 06.10.2020 11:35:44
Array
(
    [gallery] => 
)



### 06.10.2020 11:35:44
Array
(
    [gallery] => 
)



### 06.10.2020 11:35:44
Array
(
    [gallery] => 
)



### 06.10.2020 11:35:45
Array
(
    [gallery] => 
)



### 06.10.2020 11:35:45
Array
(
    [gallery] => 
)



### 06.10.2020 11:35:45
Array
(
    [gallery] => 
)



### 06.10.2020 11:36:00
Array
(
    [gallery] => 
)



### 06.10.2020 11:36:01
Array
(
    [gallery] => 
)



### 06.10.2020 11:36:01
Array
(
    [gallery] => 
)



### 06.10.2020 11:36:01
Array
(
    [gallery] => 
)



### 06.10.2020 11:36:28
Array
(
    [gallery] => 
)



### 06.10.2020 11:37:09
Array
(
    [gallery] => Array
        (
            [0] => 009.jpg
            [1] => 01.jpg
            [2] => 02.jpg
            [3] => 03.jpg
            [4] => 04.jpg
            [5] => 05.jpg
            [6] => 06.jpg
            [7] => 07.jpg
            [8] => 08.jpg
            [9] => 09.jpg
            [10] => 10.jpg
            [11] => 11.jpg
            [12] => 12.jpg
            [13] => 13.jpg
            [14] => 14.jpg
            [15] => 15.jpg
            [16] => demo.jpg
        )

)



### 06.10.2020 11:37:25
Array
(
    [gallery] => Array
        (
            [0] => 009.jpg
            [1] => 01.jpg
            [2] => 02.jpg
            [3] => 03.jpg
            [4] => 04.jpg
            [5] => 05.jpg
            [6] => 06.jpg
            [7] => 07.jpg
            [8] => 08.jpg
            [9] => 09.jpg
            [10] => 10.jpg
            [11] => 11.jpg
            [12] => 12.jpg
            [13] => 13.jpg
            [14] => 14.jpg
            [15] => 15.jpg
            [16] => demo.jpg
        )

)



### 06.10.2020 11:37:26
Array
(
    [gallery] => Array
        (
            [0] => 009.jpg
            [1] => 01.jpg
            [2] => 02.jpg
            [3] => 03.jpg
            [4] => 04.jpg
            [5] => 05.jpg
            [6] => 06.jpg
            [7] => 07.jpg
            [8] => 08.jpg
            [9] => 09.jpg
            [10] => 10.jpg
            [11] => 11.jpg
            [12] => 12.jpg
            [13] => 13.jpg
            [14] => 14.jpg
            [15] => 15.jpg
            [16] => demo.jpg
        )

)



### 06.10.2020 11:37:26
Array
(
    [gallery] => Array
        (
            [0] => 009.jpg
            [1] => 01.jpg
            [2] => 02.jpg
            [3] => 03.jpg
            [4] => 04.jpg
            [5] => 05.jpg
            [6] => 06.jpg
            [7] => 07.jpg
            [8] => 08.jpg
            [9] => 09.jpg
            [10] => 10.jpg
            [11] => 11.jpg
            [12] => 12.jpg
            [13] => 13.jpg
            [14] => 14.jpg
            [15] => 15.jpg
            [16] => demo.jpg
        )

)



### 06.10.2020 11:37:26
Array
(
    [gallery] => Array
        (
            [0] => 009.jpg
            [1] => 01.jpg
            [2] => 02.jpg
            [3] => 03.jpg
            [4] => 04.jpg
            [5] => 05.jpg
            [6] => 06.jpg
            [7] => 07.jpg
            [8] => 08.jpg
            [9] => 09.jpg
            [10] => 10.jpg
            [11] => 11.jpg
            [12] => 12.jpg
            [13] => 13.jpg
            [14] => 14.jpg
            [15] => 15.jpg
            [16] => demo.jpg
        )

)



### 06.10.2020 11:37:48
Array
(
    [gallery] => Array
        (
            [0] => 009.jpg
            [1] => 01.jpg
            [2] => 02.jpg
            [3] => 03.jpg
            [4] => 04.jpg
            [5] => 05.jpg
            [6] => 06.jpg
            [7] => 07.jpg
            [8] => 08.jpg
            [9] => 09.jpg
            [10] => 10.jpg
            [11] => 11.jpg
            [12] => 12.jpg
            [13] => 13.jpg
            [14] => 14.jpg
            [15] => 15.jpg
            [16] => demo.jpg
        )

)



### 06.10.2020 11:38:36
Array
(
    [gallery] => Array
        (
            [0] => 009.jpg
            [1] => 01.jpg
            [2] => 02.jpg
            [3] => 03.jpg
            [4] => 04.jpg
            [5] => 05.jpg
            [6] => 06.jpg
            [7] => 07.jpg
            [8] => 08.jpg
            [9] => 09.jpg
            [10] => 10.jpg
            [11] => 11.jpg
            [12] => 12.jpg
            [13] => 13.jpg
            [14] => 14.jpg
            [15] => 15.jpg
            [16] => demo.jpg
        )

)



### 06.10.2020 11:39:49
Array
(
    [gallery] => Array
        (
            [0] => 009.jpg
            [1] => 01.jpg
            [2] => 02.jpg
            [3] => 03.jpg
            [4] => 04.jpg
            [5] => 05.jpg
            [6] => 06.jpg
            [7] => 07.jpg
            [8] => 08.jpg
            [9] => 09.jpg
            [10] => 10.jpg
            [11] => 11.jpg
            [12] => 12.jpg
            [13] => 13.jpg
            [14] => 14.jpg
            [15] => 15.jpg
            [16] => demo.jpg
        )

)



### 06.10.2020 11:39:50
Array
(
    [gallery] => Array
        (
            [0] => 009.jpg
            [1] => 01.jpg
            [2] => 02.jpg
            [3] => 03.jpg
            [4] => 04.jpg
            [5] => 05.jpg
            [6] => 06.jpg
            [7] => 07.jpg
            [8] => 08.jpg
            [9] => 09.jpg
            [10] => 10.jpg
            [11] => 11.jpg
            [12] => 12.jpg
            [13] => 13.jpg
            [14] => 14.jpg
            [15] => 15.jpg
            [16] => demo.jpg
        )

)



### 06.10.2020 11:39:50
Array
(
    [gallery] => Array
        (
            [0] => 009.jpg
            [1] => 01.jpg
            [2] => 02.jpg
            [3] => 03.jpg
            [4] => 04.jpg
            [5] => 05.jpg
            [6] => 06.jpg
            [7] => 07.jpg
            [8] => 08.jpg
            [9] => 09.jpg
            [10] => 10.jpg
            [11] => 11.jpg
            [12] => 12.jpg
            [13] => 13.jpg
            [14] => 14.jpg
            [15] => 15.jpg
            [16] => demo.jpg
        )

)



### 06.10.2020 11:39:51
Array
(
    [gallery] => Array
        (
            [0] => 009.jpg
            [1] => 01.jpg
            [2] => 02.jpg
            [3] => 03.jpg
            [4] => 04.jpg
            [5] => 05.jpg
            [6] => 06.jpg
            [7] => 07.jpg
            [8] => 08.jpg
            [9] => 09.jpg
            [10] => 10.jpg
            [11] => 11.jpg
            [12] => 12.jpg
            [13] => 13.jpg
            [14] => 14.jpg
            [15] => 15.jpg
            [16] => demo.jpg
        )

)



### 06.10.2020 11:40:38
Array
(
    [gallery] => Array
        (
            [0] => 009.jpg
            [1] => 01.jpg
            [2] => 02.jpg
            [3] => 03.jpg
            [4] => 04.jpg
            [5] => 05.jpg
            [6] => 06.jpg
            [7] => 07.jpg
            [8] => 08.jpg
            [9] => 09.jpg
            [10] => 10.jpg
            [11] => 11.jpg
            [12] => 12.jpg
            [13] => 13.jpg
            [14] => 14.jpg
            [15] => 15.jpg
            [16] => demo.jpg
        )

)



### 06.10.2020 11:41:24
Array
(
    [gallery] => Array
        (
            [0] => 009.jpg
            [1] => 01.jpg
            [2] => 02.jpg
            [3] => 03.jpg
            [4] => 04.jpg
            [5] => 05.jpg
            [6] => 06.jpg
            [7] => 07.jpg
            [8] => 08.jpg
            [9] => 09.jpg
            [10] => 10.jpg
            [11] => 11.jpg
            [12] => 12.jpg
            [13] => 13.jpg
            [14] => 14.jpg
            [15] => 15.jpg
            [16] => demo.jpg
        )

)



### 06.10.2020 12:59:58
Array
(
    [catalog] => Array
        (
            [0] => Array
                (
                    [name] => Пицца
                    [price] => 24
                )

            [1] => Array
                (
                    [name] => Чай
                    [price] => 1
                )

            [2] => Array
                (
                    [name] => Яблоко
                    [price] => 12
                )

        )

)



### 06.10.2020 12:59:59
Array
(
    [gallery] => Array
        (
            [0] => 009.jpg
            [1] => 01.jpg
            [2] => 02.jpg
            [3] => 03.jpg
            [4] => 04.jpg
            [5] => 05.jpg
            [6] => 06.jpg
            [7] => 07.jpg
            [8] => 08.jpg
            [9] => 09.jpg
            [10] => 10.jpg
            [11] => 11.jpg
            [12] => 12.jpg
            [13] => 13.jpg
            [14] => 14.jpg
            [15] => 15.jpg
            [16] => demo.jpg
        )

)



### 06.10.2020 13:01:40
Array
(
    [gallery] => Array
        (
            [0] => 009.jpg
            [1] => 01.jpg
            [2] => 02.jpg
            [3] => 03.jpg
            [4] => 04.jpg
            [5] => 05.jpg
            [6] => 06.jpg
            [7] => 07.jpg
            [8] => 08.jpg
            [9] => 09.jpg
            [10] => 10.jpg
            [11] => 11.jpg
            [12] => 12.jpg
            [13] => 13.jpg
            [14] => 14.jpg
            [15] => 15.jpg
            [16] => demo.jpg
        )

)



### 06.10.2020 13:02:11
Array
(
    [gallery] => Array
        (
            [0] => 009.jpg
            [1] => 01.jpg
            [2] => 02.jpg
            [3] => 03.jpg
            [4] => 04.jpg
            [5] => 05.jpg
            [6] => 06.jpg
            [7] => 07.jpg
            [8] => 08.jpg
            [9] => 09.jpg
            [10] => 10.jpg
            [11] => 11.jpg
            [12] => 12.jpg
            [13] => 13.jpg
            [14] => 14.jpg
            [15] => 15.jpg
            [16] => demo.jpg
        )

)



### 06.10.2020 13:21:06
Array
(
    [gallery] => Array
        (
            [0] => 009.jpg
            [1] => 01.jpg
            [2] => 02.jpg
            [3] => 03.jpg
            [4] => 04.jpg
            [5] => 05.jpg
            [6] => 06.jpg
            [7] => 07.jpg
            [8] => 08.jpg
            [9] => 09.jpg
            [10] => 10.jpg
            [11] => 11.jpg
            [12] => 12.jpg
            [13] => 13.jpg
            [14] => 14.jpg
            [15] => 15.jpg
            [16] => demo.jpg
        )

)



### 06.10.2020 13:42:30
Array
(
    [gallery] => Array
        (
            [0] => 009.jpg
            [1] => 01.jpg
            [2] => 02.jpg
            [3] => 03.jpg
            [4] => 04.jpg
            [5] => 05.jpg
            [6] => 06.jpg
            [7] => 07.jpg
            [8] => 08.jpg
            [9] => 09.jpg
            [10] => 10.jpg
            [11] => 11.jpg
            [12] => 12.jpg
            [13] => 13.jpg
            [14] => 14.jpg
            [15] => 15.jpg
            [16] => demo.jpg
        )

)



### 06.10.2020 13:58:02
Array
(
    [gallery] => Array
        (
            [0] => 009.jpg
            [1] => 01.jpg
            [2] => 02.jpg
            [3] => 03.jpg
            [4] => 04.jpg
            [5] => 05.jpg
            [6] => 06.jpg
            [7] => 07.jpg
            [8] => 08.jpg
            [9] => 09.jpg
            [10] => 10.jpg
            [11] => 11.jpg
            [12] => 12.jpg
            [13] => 13.jpg
            [14] => 14.jpg
            [15] => 15.jpg
            [16] => demo.jpg
        )

)



### 06.10.2020 13:58:15
Array
(
    [gallery] => Array
        (
            [0] => 009.jpg
            [1] => 01.jpg
            [2] => 02.jpg
            [3] => 03.jpg
            [4] => 04.jpg
            [5] => 05.jpg
            [6] => 06.jpg
            [7] => 07.jpg
            [8] => 08.jpg
            [9] => 09.jpg
            [10] => 10.jpg
            [11] => 11.jpg
            [12] => 12.jpg
            [13] => 13.jpg
            [14] => 14.jpg
            [15] => 15.jpg
            [16] => demo.jpg
        )

)



### 06.10.2020 13:58:49
Array
(
    [gallery] => 
)



### 06.10.2020 13:58:51
Array
(
    [gallery] => 
)



### 06.10.2020 13:58:52
Array
(
    [gallery] => 
)



### 06.10.2020 13:58:52
Array
(
    [gallery] => 
)



### 06.10.2020 13:59:33
Array
(
    [gallery] => 
)



### 06.10.2020 13:59:34
Array
(
    [gallery] => 
)



### 06.10.2020 13:59:35
Array
(
    [gallery] => 
)



### 06.10.2020 13:59:48
Array
(
    [gallery] => 
)



### 06.10.2020 13:59:48
Array
(
    [gallery] => 
)



### 06.10.2020 14:00:01
Array
(
    [gallery] => Array
        (
            [0] => 009.jpg
            [1] => 01.jpg
            [2] => 02.jpg
            [3] => 03.jpg
            [4] => 04.jpg
            [5] => 05.jpg
            [6] => 06.jpg
            [7] => 07.jpg
            [8] => 08.jpg
            [9] => 09.jpg
            [10] => 10.jpg
            [11] => 11.jpg
            [12] => 12.jpg
            [13] => 13.jpg
            [14] => 14.jpg
            [15] => 15.jpg
            [16] => demo.jpg
        )

)



### 06.10.2020 14:00:55
Array
(
    [gallery] => Array
        (
            [0] => 009.jpg
            [1] => 01.jpg
            [2] => 02.jpg
            [3] => 03.jpg
            [4] => 04.jpg
            [5] => 05.jpg
            [6] => 06.jpg
            [7] => 07.jpg
            [8] => 08.jpg
            [9] => 09.jpg
            [10] => 10.jpg
            [11] => 11.jpg
            [12] => 12.jpg
            [13] => 13.jpg
            [14] => 14.jpg
            [15] => 15.jpg
            [16] => demo.jpg
        )

)



### 06.10.2020 14:51:36
Array
(
    [gallery] => Array
        (
            [0] => 009.jpg
            [1] => 01.jpg
            [2] => 02.jpg
            [3] => 03.jpg
            [4] => 04.jpg
            [5] => 05.jpg
            [6] => 06.jpg
            [7] => 07.jpg
            [8] => 08.jpg
            [9] => 09.jpg
            [10] => 10.jpg
            [11] => 11.jpg
            [12] => 12.jpg
            [13] => 13.jpg
            [14] => 14.jpg
            [15] => 15.jpg
            [16] => demo.jpg
        )

)



### 06.10.2020 15:01:24
Array
(
    [gallery] => Array
        (
            [0] => 009.jpg
            [1] => 01.jpg
            [2] => 02.jpg
            [3] => 03.jpg
            [4] => 04.jpg
            [5] => 05.jpg
            [6] => 06.jpg
            [7] => 07.jpg
            [8] => 08.jpg
            [9] => 09.jpg
            [10] => 10.jpg
            [11] => 11.jpg
            [12] => 12.jpg
            [13] => 13.jpg
            [14] => 14.jpg
            [15] => 15.jpg
            [16] => demo.jpg
        )

)



### 06.10.2020 15:02:56
Array
(
    [gallery] => Array
        (
            [0] => 009.jpg
            [1] => 01.jpg
            [2] => 02.jpg
            [3] => 03.jpg
            [4] => 04.jpg
            [5] => 05.jpg
            [6] => 06.jpg
            [7] => 07.jpg
            [8] => 08.jpg
            [9] => 09.jpg
            [10] => 10.jpg
            [11] => 11.jpg
            [12] => 12.jpg
            [13] => 13.jpg
            [14] => 14.jpg
            [15] => 15.jpg
            [16] => demo.jpg
        )

)



### 06.10.2020 15:03:19
Array
(
    [gallery] => Array
        (
            [0] => 009.jpg
            [1] => 01.jpg
            [2] => 02.jpg
            [3] => 03.jpg
            [4] => 04.jpg
            [5] => 05.jpg
            [6] => 06.jpg
            [7] => 07.jpg
            [8] => 08.jpg
            [9] => 09.jpg
            [10] => 10.jpg
            [11] => 11.jpg
            [12] => 12.jpg
            [13] => 13.jpg
            [14] => 14.jpg
            [15] => 15.jpg
            [16] => demo.jpg
        )

)



### 06.10.2020 15:06:40
Array
(
    [gallery] => Array
        (
            [0] => 009.jpg
            [1] => 01.jpg
            [2] => 02.jpg
            [3] => 03.jpg
            [4] => 04.jpg
            [5] => 05.jpg
            [6] => 06.jpg
            [7] => 07.jpg
            [8] => 08.jpg
            [9] => 09.jpg
            [10] => 10.jpg
            [11] => 11.jpg
            [12] => 12.jpg
            [13] => 13.jpg
            [14] => 14.jpg
            [15] => 15.jpg
            [16] => demo.jpg
        )

)



### 06.10.2020 15:06:56
Array
(
    [gallery] => Array
        (
            [0] => 009.jpg
            [1] => 01.jpg
            [2] => 02.jpg
            [3] => 03.jpg
            [4] => 04.jpg
            [5] => 05.jpg
            [6] => 06.jpg
            [7] => 07.jpg
            [8] => 08.jpg
            [9] => 09.jpg
            [10] => 10.jpg
            [11] => 11.jpg
            [12] => 12.jpg
            [13] => 13.jpg
            [14] => 14.jpg
            [15] => 15.jpg
            [16] => demo.jpg
        )

)



### 06.10.2020 15:09:16
Array
(
    [gallery] => Array
        (
            [0] => 009.jpg
            [1] => 01.jpg
            [2] => 02.jpg
            [3] => 03.jpg
            [4] => 04.jpg
            [5] => 05.jpg
            [6] => 06.jpg
            [7] => 07.jpg
            [8] => 08.jpg
            [9] => 09.jpg
            [10] => 10.jpg
            [11] => 11.jpg
            [12] => 12.jpg
            [13] => 13.jpg
            [14] => 14.jpg
            [15] => 15.jpg
            [16] => demo.jpg
        )

)



### 06.10.2020 15:09:43
Array
(
    [gallery] => Array
        (
            [0] => 009.jpg
            [1] => 01.jpg
            [2] => 02.jpg
            [3] => 03.jpg
            [4] => 04.jpg
            [5] => 05.jpg
            [6] => 06.jpg
            [7] => 07.jpg
            [8] => 08.jpg
            [9] => 09.jpg
            [10] => 10.jpg
            [11] => 11.jpg
            [12] => 12.jpg
            [13] => 13.jpg
            [14] => 14.jpg
            [15] => 15.jpg
            [16] => demo.jpg
        )

)



### 06.10.2020 15:10:15
Array
(
    [gallery] => Array
        (
            [0] => 009.jpg
            [1] => 01.jpg
            [2] => 02.jpg
            [3] => 03.jpg
            [4] => 04.jpg
            [5] => 05.jpg
            [6] => 06.jpg
            [7] => 07.jpg
            [8] => 08.jpg
            [9] => 09.jpg
            [10] => 10.jpg
            [11] => 11.jpg
            [12] => 12.jpg
            [13] => 13.jpg
            [14] => 14.jpg
            [15] => 15.jpg
            [16] => demo.jpg
        )

)



### 06.10.2020 15:10:25
Array
(
    [gallery] => Array
        (
            [0] => 009.jpg
            [1] => 01.jpg
            [2] => 02.jpg
            [3] => 03.jpg
            [4] => 04.jpg
            [5] => 05.jpg
            [6] => 06.jpg
            [7] => 07.jpg
            [8] => 08.jpg
            [9] => 09.jpg
            [10] => 10.jpg
            [11] => 11.jpg
            [12] => 12.jpg
            [13] => 13.jpg
            [14] => 14.jpg
            [15] => 15.jpg
            [16] => demo.jpg
        )

)



### 06.10.2020 15:10:34
Array
(
    [gallery] => Array
        (
            [0] => 009.jpg
            [1] => 01.jpg
            [2] => 02.jpg
            [3] => 03.jpg
            [4] => 04.jpg
            [5] => 05.jpg
            [6] => 06.jpg
            [7] => 07.jpg
            [8] => 08.jpg
            [9] => 09.jpg
            [10] => 10.jpg
            [11] => 11.jpg
            [12] => 12.jpg
            [13] => 13.jpg
            [14] => 14.jpg
            [15] => 15.jpg
            [16] => demo.jpg
        )

)



### 06.10.2020 15:10:35
Array
(
    [gallery] => Array
        (
            [0] => 009.jpg
            [1] => 01.jpg
            [2] => 02.jpg
            [3] => 03.jpg
            [4] => 04.jpg
            [5] => 05.jpg
            [6] => 06.jpg
            [7] => 07.jpg
            [8] => 08.jpg
            [9] => 09.jpg
            [10] => 10.jpg
            [11] => 11.jpg
            [12] => 12.jpg
            [13] => 13.jpg
            [14] => 14.jpg
            [15] => 15.jpg
            [16] => demo.jpg
        )

)



### 06.10.2020 15:11:04
Array
(
    [gallery] => Array
        (
            [0] => 009.jpg
            [1] => 01.jpg
            [2] => 02.jpg
            [3] => 03.jpg
            [4] => 04.jpg
            [5] => 05.jpg
            [6] => 06.jpg
            [7] => 07.jpg
            [8] => 08.jpg
            [9] => 09.jpg
            [10] => 10.jpg
            [11] => 11.jpg
            [12] => 12.jpg
            [13] => 13.jpg
            [14] => 14.jpg
            [15] => 15.jpg
            [16] => demo.jpg
        )

)



### 06.10.2020 15:11:04
Array
(
    [gallery] => Array
        (
            [0] => 009.jpg
            [1] => 01.jpg
            [2] => 02.jpg
            [3] => 03.jpg
            [4] => 04.jpg
            [5] => 05.jpg
            [6] => 06.jpg
            [7] => 07.jpg
            [8] => 08.jpg
            [9] => 09.jpg
            [10] => 10.jpg
            [11] => 11.jpg
            [12] => 12.jpg
            [13] => 13.jpg
            [14] => 14.jpg
            [15] => 15.jpg
            [16] => demo.jpg
        )

)



### 06.10.2020 15:18:50
Array
(
    [gallery] => Array
        (
            [0] => 009.jpg
            [1] => 01.jpg
            [2] => 02.jpg
            [3] => 03.jpg
            [4] => 04.jpg
            [5] => 05.jpg
            [6] => 06.jpg
            [7] => 07.jpg
            [8] => 08.jpg
            [9] => 09.jpg
            [10] => 10.jpg
            [11] => 11.jpg
            [12] => 12.jpg
            [13] => 13.jpg
            [14] => 14.jpg
            [15] => 15.jpg
            [16] => demo.jpg
        )

)



### 06.10.2020 15:18:58
Array
(
    [gallery] => Array
        (
            [0] => 009.jpg
            [1] => 01.jpg
            [2] => 02.jpg
            [3] => 03.jpg
            [4] => 04.jpg
            [5] => 05.jpg
            [6] => 06.jpg
            [7] => 07.jpg
            [8] => 08.jpg
            [9] => 09.jpg
            [10] => 10.jpg
            [11] => 11.jpg
            [12] => 12.jpg
            [13] => 13.jpg
            [14] => 14.jpg
            [15] => 15.jpg
            [16] => demo.jpg
        )

)



### 06.10.2020 15:18:58
Array
(
    [gallery] => Array
        (
            [0] => 009.jpg
            [1] => 01.jpg
            [2] => 02.jpg
            [3] => 03.jpg
            [4] => 04.jpg
            [5] => 05.jpg
            [6] => 06.jpg
            [7] => 07.jpg
            [8] => 08.jpg
            [9] => 09.jpg
            [10] => 10.jpg
            [11] => 11.jpg
            [12] => 12.jpg
            [13] => 13.jpg
            [14] => 14.jpg
            [15] => 15.jpg
            [16] => demo.jpg
        )

)



### 06.10.2020 15:19:03
Array
(
    [catalog] => Array
        (
            [0] => Array
                (
                    [name] => Пицца
                    [price] => 24
                )

            [1] => Array
                (
                    [name] => Чай
                    [price] => 1
                )

            [2] => Array
                (
                    [name] => Яблоко
                    [price] => 12
                )

        )

)



### 06.10.2020 15:19:04
Array
(
    [gallery] => Array
        (
            [0] => 009.jpg
            [1] => 01.jpg
            [2] => 02.jpg
            [3] => 03.jpg
            [4] => 04.jpg
            [5] => 05.jpg
            [6] => 06.jpg
            [7] => 07.jpg
            [8] => 08.jpg
            [9] => 09.jpg
            [10] => 10.jpg
            [11] => 11.jpg
            [12] => 12.jpg
            [13] => 13.jpg
            [14] => 14.jpg
            [15] => 15.jpg
            [16] => demo.jpg
        )

)



### 06.10.2020 15:19:05
Array
(
    [name] => admin
)



